17:12:11.987 [restartedMain] INFO  c.y.c.ClassroomFeaturesApplication - Starting ClassroomFeaturesApplication on LAPTOP-8DF8KVAG with PID 13572 (D:\WorkSpace\classroom_management_system\classroom_management_system_core\classroom_features\target\classes started by yang in D:\WorkSpace\classroom_management_system\classroom_management_system_core) 
17:12:11.999 [restartedMain] INFO  c.y.c.ClassroomFeaturesApplication - The following profiles are active: company 
17:12:13.509 [restartedMain] INFO  o.s.b.d.e.DevToolsPropertyDefaultsPostProcessor - Devtools property defaults active! Set 'spring.devtools.add-properties' to 'false' to disable 
17:12:13.510 [restartedMain] INFO  o.s.b.d.e.DevToolsPropertyDefaultsPostProcessor - For additional web related logging consider setting the 'logging.level.web' property to 'DEBUG' 
17:13:18.596 [restartedMain] INFO  o.s.d.r.c.RepositoryConfigurationDelegate - Multiple Spring Data modules found, entering strict repository configuration mode! 
17:13:18.911 [restartedMain] INFO  o.s.d.r.c.RepositoryConfigurationDelegate - Bootstrapping Spring Data repositories in DEFAULT mode. 
17:13:20.067 [restartedMain] INFO  o.s.d.r.c.RepositoryConfigurationDelegate - Finished Spring Data repository scanning in 354ms. Found 0 repository interfaces. 
17:13:20.734 [restartedMain] INFO  o.s.d.r.c.RepositoryConfigurationDelegate - Multiple Spring Data modules found, entering strict repository configuration mode! 
17:13:20.749 [restartedMain] INFO  o.s.d.r.c.RepositoryConfigurationDelegate - Bootstrapping Spring Data repositories in DEFAULT mode. 
17:13:21.210 [restartedMain] INFO  o.s.d.r.c.RepositoryConfigurationDelegate - Finished Spring Data repository scanning in 7ms. Found 0 repository interfaces. 
17:13:32.002 [restartedMain] INFO  o.s.c.s.PostProcessorRegistrationDelegate$BeanPostProcessorChecker - Bean 'org.springframework.transaction.annotation.ProxyTransactionManagementConfiguration' of type [org.springframework.transaction.annotation.ProxyTransactionManagementConfiguration$$EnhancerBySpringCGLIB$$a40babcb] is not eligible for getting processed by all BeanPostProcessors (for example: not eligible for auto-proxying) 
17:13:32.761 [restartedMain] INFO  o.s.c.s.PostProcessorRegistrationDelegate$BeanPostProcessorChecker - Bean 'shiroConfig' of type [com.yizhuoyang.classroomfeatures.component.ShiroConfig$$EnhancerBySpringCGLIB$$ea9d008c] is not eligible for getting processed by all BeanPostProcessors (for example: not eligible for auto-proxying) 
17:13:49.604 [restartedMain] INFO  o.s.c.s.PostProcessorRegistrationDelegate$BeanPostProcessorChecker - Bean 'hashedCredentialsMatcher' of type [org.apache.shiro.authc.credential.HashedCredentialsMatcher] is not eligible for getting processed by all BeanPostProcessors (for example: not eligible for auto-proxying) 
17:13:49.968 [restartedMain] INFO  o.s.c.s.PostProcessorRegistrationDelegate$BeanPostProcessorChecker - Bean 'org.springframework.boot.autoconfigure.jdbc.DataSourceConfiguration$Generic' of type [org.springframework.boot.autoconfigure.jdbc.DataSourceConfiguration$Generic] is not eligible for getting processed by all BeanPostProcessors (for example: not eligible for auto-proxying) 
17:13:50.634 [restartedMain] INFO  o.s.c.s.PostProcessorRegistrationDelegate$BeanPostProcessorChecker - Bean 'spring.datasource-org.springframework.boot.autoconfigure.jdbc.DataSourceProperties' of type [org.springframework.boot.autoconfigure.jdbc.DataSourceProperties] is not eligible for getting processed by all BeanPostProcessors (for example: not eligible for auto-proxying) 
17:13:52.807 [restartedMain] INFO  o.s.c.s.PostProcessorRegistrationDelegate$BeanPostProcessorChecker - Bean 'dataSource' of type [com.alibaba.druid.pool.DruidDataSource] is not eligible for getting processed by all BeanPostProcessors (for example: not eligible for auto-proxying) 
17:13:52.909 [restartedMain] INFO  o.s.c.s.PostProcessorRegistrationDelegate$BeanPostProcessorChecker - Bean 'org.springframework.boot.autoconfigure.jdbc.DataSourceInitializerInvoker' of type [org.springframework.boot.autoconfigure.jdbc.DataSourceInitializerInvoker] is not eligible for getting processed by all BeanPostProcessors (for example: not eligible for auto-proxying) 
17:13:52.923 [restartedMain] INFO  o.s.c.s.PostProcessorRegistrationDelegate$BeanPostProcessorChecker - Bean 'spring.jdbc-org.springframework.boot.autoconfigure.jdbc.JdbcProperties' of type [org.springframework.boot.autoconfigure.jdbc.JdbcProperties] is not eligible for getting processed by all BeanPostProcessors (for example: not eligible for auto-proxying) 
17:13:52.924 [restartedMain] INFO  o.s.c.s.PostProcessorRegistrationDelegate$BeanPostProcessorChecker - Bean 'org.springframework.boot.autoconfigure.jdbc.JdbcTemplateAutoConfiguration$JdbcTemplateConfiguration' of type [org.springframework.boot.autoconfigure.jdbc.JdbcTemplateAutoConfiguration$JdbcTemplateConfiguration$$EnhancerBySpringCGLIB$$bc96da38] is not eligible for getting processed by all BeanPostProcessors (for example: not eligible for auto-proxying) 
17:13:53.129 [restartedMain] INFO  o.s.c.s.PostProcessorRegistrationDelegate$BeanPostProcessorChecker - Bean 'jdbcTemplate' of type [org.springframework.jdbc.core.JdbcTemplate] is not eligible for getting processed by all BeanPostProcessors (for example: not eligible for auto-proxying) 
17:13:53.150 [restartedMain] INFO  o.s.c.s.PostProcessorRegistrationDelegate$BeanPostProcessorChecker - Bean 'userDaoImpl' of type [com.yizhuoyang.classroomfeatures.dao.impl.UserDaoImpl] is not eligible for getting processed by all BeanPostProcessors (for example: not eligible for auto-proxying) 
17:13:53.153 [restartedMain] INFO  o.s.c.s.PostProcessorRegistrationDelegate$BeanPostProcessorChecker - Bean 'myShiroRealm' of type [com.yizhuoyang.classroomfeatures.shiro.MyShiroRealm] is not eligible for getting processed by all BeanPostProcessors (for example: not eligible for auto-proxying) 
17:13:53.233 [restartedMain] INFO  o.s.c.s.PostProcessorRegistrationDelegate$BeanPostProcessorChecker - Bean 'spring.redis-org.springframework.boot.autoconfigure.data.redis.RedisProperties' of type [org.springframework.boot.autoconfigure.data.redis.RedisProperties] is not eligible for getting processed by all BeanPostProcessors (for example: not eligible for auto-proxying) 
17:13:53.234 [restartedMain] INFO  o.s.c.s.PostProcessorRegistrationDelegate$BeanPostProcessorChecker - Bean 'jedisPoolFactory' of type [com.yizhuoyang.classroomfeatures.component.JedisPoolFactory$$EnhancerBySpringCGLIB$$c98a6da2] is not eligible for getting processed by all BeanPostProcessors (for example: not eligible for auto-proxying) 
17:13:53.235 [restartedMain] INFO  o.s.c.s.PostProcessorRegistrationDelegate$BeanPostProcessorChecker - Bean 'jedisUtil' of type [com.yizhuoyang.classroomfeatures.util.JedisUtil] is not eligible for getting processed by all BeanPostProcessors (for example: not eligible for auto-proxying) 
17:13:53.237 [restartedMain] INFO  o.s.c.s.PostProcessorRegistrationDelegate$BeanPostProcessorChecker - Bean 'redisSessionDao' of type [com.yizhuoyang.classroomfeatures.session.RedisSessionDao] is not eligible for getting processed by all BeanPostProcessors (for example: not eligible for auto-proxying) 
17:13:53.292 [restartedMain] INFO  o.s.c.s.PostProcessorRegistrationDelegate$BeanPostProcessorChecker - Bean 'sessionManager' of type [com.yizhuoyang.classroomfeatures.session.MySessionManager] is not eligible for getting processed by all BeanPostProcessors (for example: not eligible for auto-proxying) 
17:13:53.298 [restartedMain] INFO  o.s.c.s.PostProcessorRegistrationDelegate$BeanPostProcessorChecker - Bean 'redisCache' of type [com.yizhuoyang.classroomfeatures.cache.RedisCache] is not eligible for getting processed by all BeanPostProcessors (for example: not eligible for auto-proxying) 
17:13:53.299 [restartedMain] INFO  o.s.c.s.PostProcessorRegistrationDelegate$BeanPostProcessorChecker - Bean 'cacheManager' of type [com.yizhuoyang.classroomfeatures.cache.RedisCacheManager] is not eligible for getting processed by all BeanPostProcessors (for example: not eligible for auto-proxying) 
17:13:53.308 [restartedMain] INFO  o.s.c.s.PostProcessorRegistrationDelegate$BeanPostProcessorChecker - Bean 'rememberMeCookie' of type [org.apache.shiro.web.servlet.SimpleCookie] is not eligible for getting processed by all BeanPostProcessors (for example: not eligible for auto-proxying) 
17:13:53.319 [restartedMain] INFO  o.s.c.s.PostProcessorRegistrationDelegate$BeanPostProcessorChecker - Bean 'rememberMeManager' of type [org.apache.shiro.web.mgt.CookieRememberMeManager] is not eligible for getting processed by all BeanPostProcessors (for example: not eligible for auto-proxying) 
17:13:53.324 [restartedMain] INFO  o.s.c.s.PostProcessorRegistrationDelegate$BeanPostProcessorChecker - Bean 'securityManager' of type [org.apache.shiro.web.mgt.DefaultWebSecurityManager] is not eligible for getting processed by all BeanPostProcessors (for example: not eligible for auto-proxying) 
17:13:53.377 [restartedMain] INFO  o.s.c.s.PostProcessorRegistrationDelegate$BeanPostProcessorChecker - Bean 'authorizationAttributeSourceAdvisor' of type [org.apache.shiro.spring.security.interceptor.AuthorizationAttributeSourceAdvisor] is not eligible for getting processed by all BeanPostProcessors (for example: not eligible for auto-proxying) 
17:13:53.411 [restartedMain] INFO  o.s.c.s.PostProcessorRegistrationDelegate$BeanPostProcessorChecker - Bean 'rolesOrFilter' of type [com.yizhuoyang.classroomfeatures.filter.RolesOrFilter] is not eligible for getting processed by all BeanPostProcessors (for example: not eligible for auto-proxying) 
17:14:03.768 [restartedMain] INFO  o.s.b.w.e.tomcat.TomcatWebServer - Tomcat initialized with port(s): 80 (http) 
17:14:04.495 [restartedMain] INFO  o.a.catalina.core.StandardService - Starting service [Tomcat] 
17:14:04.502 [restartedMain] INFO  o.a.catalina.core.StandardEngine - Starting Servlet engine: [Apache Tomcat/9.0.14] 
17:14:04.632 [restartedMain] INFO  o.a.c.core.AprLifecycleListener - The APR based Apache Tomcat Native library which allows optimal performance in production environments was not found on the java.library.path: [C:\Program Files\Java\jdk1.8.0_191\bin;C:\Windows\Sun\Java\bin;C:\Windows\system32;C:\Windows;D:\apache-maven-3.6.1\bin\;C:\Program Files (x86)\Common Files\Oracle\Java\javapath;C:\Program Files (x86)\Lenovo\FusionEngine;C:\Windows\system32;C:\Windows;C:\Windows\System32\Wbem;C:\Windows\System32\WindowsPowerShell\v1.0\;C:\Program Files (x86)\Common Files\lenovo\easyplussdk\bin;C:\Program Files (x86)\ATI Technologies\ATI.ACE\Core-Static;C:\Program Files\Intel\WiFi\bin\;C:\Program Files\Common Files\Intel\WirelessCommon\;C:\Windows\System32\OpenSSH\;C:\Program Files\Java\jdk1.8.0_191\bin;D:\Git\cmd;D:\mysql-8.0.15-winx64\bin;D:\Program Files\nodejs\;C:\Users\yang\AppData\Local\Microsoft\WindowsApps;D:\apache-maven-3.6.1\bin;;D:\Microsoft VS Code\Microsoft VS Code\bin;C:\Users\yang\AppData\Roaming\npm;.] 
17:14:08.843 [restartedMain] INFO  o.a.c.c.C.[Tomcat].[localhost].[/] - Initializing Spring embedded WebApplicationContext 
17:14:08.843 [restartedMain] INFO  o.s.web.context.ContextLoader - Root WebApplicationContext: initialization completed in 115332 ms 
17:14:11.361 [restartedMain] INFO  c.a.druid.pool.DruidDataSource - {dataSource-1} inited 
17:14:26.769 [restartedMain] INFO  o.h.jpa.internal.util.LogHelper - HHH000204: Processing PersistenceUnitInfo [
	name: default
	...] 
17:14:27.746 [restartedMain] INFO  org.hibernate.Version - HHH000412: Hibernate Core {5.3.7.Final} 
17:14:27.752 [restartedMain] INFO  org.hibernate.cfg.Environment - HHH000206: hibernate.properties not found 
17:14:31.795 [restartedMain] INFO  o.h.annotations.common.Version - HCANN000001: Hibernate Commons Annotations {5.0.4.Final} 
